
-----
Test: tests/test_scenario_3.py::test_scenario_3 (call)
Start time: 2024-11-07 10:09:39.580250
Start name method: Scenario 3 start


-----
Error occurred at: 2024-11-07 10:09:45.078775
Error: Expected URL 'https://sbis.ru/download/', but got 'https://sbis.ru/download'
Traceback: Traceback (most recent call last):
  File "C:\Users\ajnaf\PycharmProjects\tensor_test\base\base_class.py", line 90, in assert_url
    assert get_url == result, f"Expected URL '{result}', but got '{get_url}'"
           ^^^^^^^^^^^^^^^^^
AssertionError: Expected URL 'https://sbis.ru/download/', but got 'https://sbis.ru/download'


-----
End time: 2024-11-07 10:10:45.602481
End name method: Scenario 3 end
URL: https://sbis.ru/download?tab=plugin&innerTab=default

-----
